<?xml version="1.0" encoding="UTF-8"?>
<testsuite name="com.world.myretail.MyretailApplicationSpec" tests="1" skipped="0" failures="0" errors="0" timestamp="2020-02-17T06:17:41" hostname="MACC02XJ0B9JG5L" time="0.02">
  <properties/>
  <testcase name="api docket bean" classname="com.world.myretail.MyretailApplicationSpec" time="0.02"/>
  <system-out><![CDATA[]]></system-out>
  <system-err><![CDATA[]]></system-err>
</testsuite>
