<?xml version="1.0" encoding="UTF-8"?>
<testsuite name="com.world.myretail.fta.ActuatorFta" tests="1" skipped="0" failures="0" errors="0" timestamp="2020-02-17T06:17:55" hostname="MACC02XJ0B9JG5L" time="0.221">
  <properties/>
  <testcase name="actuator works" classname="com.world.myretail.fta.ActuatorFta" time="0.221"/>
  <system-out><![CDATA[
  .   ____          _            __ _ _
 /\\ / ___'_ __ _ _(_)_ __  __ _ \ \ \ \
( ( )\___ | '_ | '_| | '_ \/ _` | \ \ \ \
 \\/  ___)| |_)| | | | | || (_| |  ) ) ) )
  '  |____| .__|_| |_|_| |_\__, | / / / /
 =========|_|==============|___/=/_/_/_/
 :: Spring Boot ::        (v2.2.4.RELEASE)

2020-02-17 00:17:43.382  INFO 14355 --- [pool-1-thread-1] o.s.boot.SpringApplication               : Starting application on MACC02XJ0B9JG5L with PID 14355 (started by a1387618 in /Users/a1387618/workspaces/myretail)
2020-02-17 00:17:43.385  INFO 14355 --- [pool-1-thread-1] o.s.boot.SpringApplication               : No active profile set, falling back to default profiles: default
2020-02-17 00:17:44.355  INFO 14355 --- [pool-1-thread-1] .s.d.r.c.RepositoryConfigurationDelegate : Bootstrapping Spring Data Reactive Cassandra repositories in DEFAULT mode.
2020-02-17 00:17:44.400  INFO 14355 --- [pool-1-thread-1] .s.d.r.c.RepositoryConfigurationDelegate : Finished Spring Data repository scanning in 39ms. Found 0 Reactive Cassandra repository interfaces.
2020-02-17 00:17:44.404  INFO 14355 --- [pool-1-thread-1] .s.d.r.c.RepositoryConfigurationDelegate : Bootstrapping Spring Data Cassandra repositories in DEFAULT mode.
2020-02-17 00:17:44.424  INFO 14355 --- [pool-1-thread-1] .s.d.r.c.RepositoryConfigurationDelegate : Finished Spring Data repository scanning in 18ms. Found 1 Cassandra repository interfaces.
2020-02-17 00:17:44.986  INFO 14355 --- [pool-1-thread-1] o.s.b.w.embedded.tomcat.TomcatWebServer  : Tomcat initialized with port(s): 8080 (http)
2020-02-17 00:17:44.998  INFO 14355 --- [pool-1-thread-1] o.apache.catalina.core.StandardService   : Starting service [Tomcat]
2020-02-17 00:17:44.998  INFO 14355 --- [pool-1-thread-1] org.apache.catalina.core.StandardEngine  : Starting Servlet engine: [Apache Tomcat/9.0.30]
2020-02-17 00:17:45.167  INFO 14355 --- [pool-1-thread-1] o.a.c.c.C.[Tomcat].[localhost].[/]       : Initializing Spring embedded WebApplicationContext
2020-02-17 00:17:45.168  INFO 14355 --- [pool-1-thread-1] o.s.web.context.ContextLoader            : Root WebApplicationContext: initialization completed in 1738 ms
2020-02-17 00:17:45.688  INFO 14355 --- [pool-1-thread-1] com.datastax.driver.core                 : DataStax Java driver 3.7.2 for Apache Cassandra
2020-02-17 00:17:45.691  INFO 14355 --- [pool-1-thread-1] c.d.driver.core.GuavaCompatibility       : Detected Guava >= 19 in the classpath, using modern compatibility layer
2020-02-17 00:17:45.852  INFO 14355 --- [pool-1-thread-1] com.datastax.driver.core.ClockFactory    : Using native clock to generate timestamps.
2020-02-17 00:17:46.046  INFO 14355 --- [pool-1-thread-1] com.datastax.driver.core.NettyUtil       : Did not find Netty's native epoll transport in the classpath, defaulting to NIO.
2020-02-17 00:17:47.015  WARN 14355 --- [pool-1-thread-1] com.datastax.driver.core.Cluster         : You listed localhost/127.0.0.1:9042 in your contact points, but it wasn't found in the control host's system.peers at startup
2020-02-17 00:17:47.092  INFO 14355 --- [pool-1-thread-1] c.d.d.c.p.DCAwareRoundRobinPolicy        : Using data-center name 'dc1' for DCAwareRoundRobinPolicy (if this is incorrect, please provide the correct datacenter name with DCAwareRoundRobinPolicy constructor)
2020-02-17 00:17:47.093  INFO 14355 --- [pool-1-thread-1] com.datastax.driver.core.Cluster         : New Cassandra host localhost/0:0:0:0:0:0:0:1:9042 added
2020-02-17 00:17:47.598  INFO 14355 --- [pool-1-thread-1] o.s.b.a.e.web.EndpointLinksResolver      : Exposing 3 endpoint(s) beneath base path '/actuator'
2020-02-17 00:17:47.654  INFO 14355 --- [pool-1-thread-1] pertySourcedRequestMappingHandlerMapping : Mapped URL path [/v2/api-docs] onto method [springfox.documentation.swagger2.web.Swagger2Controller#getDocumentation(String, HttpServletRequest)]
2020-02-17 00:17:47.741  INFO 14355 --- [pool-1-thread-1] o.s.s.concurrent.ThreadPoolTaskExecutor  : Initializing ExecutorService 'applicationTaskExecutor'
2020-02-17 00:17:47.854  WARN 14355 --- [pool-1-thread-1] .b.a.g.t.GroovyTemplateAutoConfiguration : Cannot find template location: classpath:/templates/ (please add some templates, check your Groovy configuration, or set spring.groovy.template.check-template-location=false)
2020-02-17 00:17:47.973  INFO 14355 --- [pool-1-thread-1] d.s.w.p.DocumentationPluginsBootstrapper : Context refreshed
2020-02-17 00:17:47.992  INFO 14355 --- [pool-1-thread-1] d.s.w.p.DocumentationPluginsBootstrapper : Found 1 custom documentation plugin(s)
2020-02-17 00:17:48.011  INFO 14355 --- [pool-1-thread-1] s.d.s.w.s.ApiListingReferenceScanner     : Scanning for api listing references
2020-02-17 00:17:48.125  INFO 14355 --- [pool-1-thread-1] .d.s.w.r.o.CachingOperationNameGenerator : Generating unique operation named: handleUsingGET_1
2020-02-17 00:17:48.127  INFO 14355 --- [pool-1-thread-1] .d.s.w.r.o.CachingOperationNameGenerator : Generating unique operation named: handleUsingGET_2
2020-02-17 00:17:48.129  INFO 14355 --- [pool-1-thread-1] .d.s.w.r.o.CachingOperationNameGenerator : Generating unique operation named: handleUsingGET_3
2020-02-17 00:17:55.904  INFO 14355 --- [pool-1-thread-1] o.s.b.w.embedded.tomcat.TomcatWebServer  : Tomcat started on port(s): 8080 (http) with context path ''
2020-02-17 00:17:55.907  INFO 14355 --- [pool-1-thread-1] o.s.boot.SpringApplication               : Started application in 12.892 seconds (JVM running for 13.859)
2020-02-17 00:17:56.044  INFO 14355 --- [nio-8080-exec-1] o.a.c.c.C.[Tomcat].[localhost].[/]       : Initializing Spring DispatcherServlet 'dispatcherServlet'
2020-02-17 00:17:56.045  INFO 14355 --- [nio-8080-exec-1] o.s.web.servlet.DispatcherServlet        : Initializing Servlet 'dispatcherServlet'
2020-02-17 00:17:56.052  INFO 14355 --- [nio-8080-exec-1] o.s.web.servlet.DispatcherServlet        : Completed initialization in 7 ms
2020-02-17 00:17:56.153  INFO 14355 --- [    Test worker] o.s.s.concurrent.ThreadPoolTaskExecutor  : Shutting down ExecutorService 'applicationTaskExecutor'
]]></system-out>
  <system-err><![CDATA[]]></system-err>
</testsuite>
