<?xml version="1.0" encoding="UTF-8"?>
<testsuite name="com.world.myretail.fta.ProductFta" tests="3" skipped="0" failures="0" errors="0" timestamp="2020-02-17T06:18:02" hostname="MACC02XJ0B9JG5L" time="0.558">
  <properties/>
  <testcase name="get product responds with 200" classname="com.world.myretail.fta.ProductFta" time="0.37"/>
  <testcase name="get unknown product record responds with 404" classname="com.world.myretail.fta.ProductFta" time="0.059"/>
  <testcase name="update product price" classname="com.world.myretail.fta.ProductFta" time="0.129"/>
  <system-out><![CDATA[
  .   ____          _            __ _ _
 /\\ / ___'_ __ _ _(_)_ __  __ _ \ \ \ \
( ( )\___ | '_ | '_| | '_ \/ _` | \ \ \ \
 \\/  ___)| |_)| | | | | || (_| |  ) ) ) )
  '  |____| .__|_| |_|_| |_\__, | / / / /
 =========|_|==============|___/=/_/_/_/
 :: Spring Boot ::        (v2.2.4.RELEASE)

2020-02-17 00:17:58.281  INFO 14355 --- [pool-2-thread-1] o.s.boot.SpringApplication               : Starting application on MACC02XJ0B9JG5L with PID 14355 (started by a1387618 in /Users/a1387618/workspaces/myretail)
2020-02-17 00:17:58.281  INFO 14355 --- [pool-2-thread-1] o.s.boot.SpringApplication               : No active profile set, falling back to default profiles: default
2020-02-17 00:17:58.517  INFO 14355 --- [pool-2-thread-1] .s.d.r.c.RepositoryConfigurationDelegate : Bootstrapping Spring Data Reactive Cassandra repositories in DEFAULT mode.
2020-02-17 00:17:58.524  INFO 14355 --- [pool-2-thread-1] .s.d.r.c.RepositoryConfigurationDelegate : Finished Spring Data repository scanning in 6ms. Found 0 Reactive Cassandra repository interfaces.
2020-02-17 00:17:58.525  INFO 14355 --- [pool-2-thread-1] .s.d.r.c.RepositoryConfigurationDelegate : Bootstrapping Spring Data Cassandra repositories in DEFAULT mode.
2020-02-17 00:17:58.531  INFO 14355 --- [pool-2-thread-1] .s.d.r.c.RepositoryConfigurationDelegate : Finished Spring Data repository scanning in 5ms. Found 1 Cassandra repository interfaces.
2020-02-17 00:17:58.570  INFO 14355 --- [pool-2-thread-1] o.s.b.w.embedded.tomcat.TomcatWebServer  : Tomcat initialized with port(s): 8080 (http)
2020-02-17 00:17:58.570  INFO 14355 --- [pool-2-thread-1] o.apache.catalina.core.StandardService   : Starting service [Tomcat]
2020-02-17 00:17:58.570  INFO 14355 --- [pool-2-thread-1] org.apache.catalina.core.StandardEngine  : Starting Servlet engine: [Apache Tomcat/9.0.30]
2020-02-17 00:17:58.587  INFO 14355 --- [pool-2-thread-1] o.a.c.c.C.[Tomcat].[localhost].[/]       : Initializing Spring embedded WebApplicationContext
2020-02-17 00:17:58.587  INFO 14355 --- [pool-2-thread-1] o.s.web.context.ContextLoader            : Root WebApplicationContext: initialization completed in 304 ms
2020-02-17 00:17:58.645  INFO 14355 --- [pool-2-thread-1] com.datastax.driver.core.ClockFactory    : Using native clock to generate timestamps.
2020-02-17 00:17:58.678  WARN 14355 --- [pool-2-thread-1] com.datastax.driver.core.Cluster         : You listed localhost/0:0:0:0:0:0:0:1:9042 in your contact points, but it wasn't found in the control host's system.peers at startup
2020-02-17 00:17:58.716  INFO 14355 --- [pool-2-thread-1] c.d.d.c.p.DCAwareRoundRobinPolicy        : Using data-center name 'dc1' for DCAwareRoundRobinPolicy (if this is incorrect, please provide the correct datacenter name with DCAwareRoundRobinPolicy constructor)
2020-02-17 00:17:58.716  INFO 14355 --- [pool-2-thread-1] com.datastax.driver.core.Cluster         : New Cassandra host localhost/127.0.0.1:9042 added
2020-02-17 00:17:58.816  INFO 14355 --- [pool-2-thread-1] o.s.b.a.e.web.EndpointLinksResolver      : Exposing 3 endpoint(s) beneath base path '/actuator'
2020-02-17 00:17:58.833  INFO 14355 --- [pool-2-thread-1] pertySourcedRequestMappingHandlerMapping : Mapped URL path [/v2/api-docs] onto method [springfox.documentation.swagger2.web.Swagger2Controller#getDocumentation(String, HttpServletRequest)]
2020-02-17 00:17:58.850  INFO 14355 --- [pool-2-thread-1] o.s.s.concurrent.ThreadPoolTaskExecutor  : Initializing ExecutorService 'applicationTaskExecutor'
2020-02-17 00:17:58.894  WARN 14355 --- [pool-2-thread-1] .b.a.g.t.GroovyTemplateAutoConfiguration : Cannot find template location: classpath:/templates/ (please add some templates, check your Groovy configuration, or set spring.groovy.template.check-template-location=false)
2020-02-17 00:17:58.913  INFO 14355 --- [pool-2-thread-1] d.s.w.p.DocumentationPluginsBootstrapper : Context refreshed
2020-02-17 00:17:58.914  INFO 14355 --- [pool-2-thread-1] d.s.w.p.DocumentationPluginsBootstrapper : Found 1 custom documentation plugin(s)
2020-02-17 00:17:58.919  INFO 14355 --- [pool-2-thread-1] s.d.s.w.s.ApiListingReferenceScanner     : Scanning for api listing references
2020-02-17 00:17:58.943  INFO 14355 --- [pool-2-thread-1] .d.s.w.r.o.CachingOperationNameGenerator : Generating unique operation named: handleUsingGET_1
2020-02-17 00:17:58.945  INFO 14355 --- [pool-2-thread-1] .d.s.w.r.o.CachingOperationNameGenerator : Generating unique operation named: handleUsingGET_2
2020-02-17 00:17:58.946  INFO 14355 --- [pool-2-thread-1] .d.s.w.r.o.CachingOperationNameGenerator : Generating unique operation named: handleUsingGET_3
2020-02-17 00:18:02.921  INFO 14355 --- [pool-2-thread-1] o.s.b.w.embedded.tomcat.TomcatWebServer  : Tomcat started on port(s): 8080 (http) with context path ''
2020-02-17 00:18:02.922  INFO 14355 --- [pool-2-thread-1] o.s.boot.SpringApplication               : Started application in 4.666 seconds (JVM running for 20.874)
2020-02-17 00:18:02.937  INFO 14355 --- [nio-8080-exec-1] o.a.c.c.C.[Tomcat].[localhost].[/]       : Initializing Spring DispatcherServlet 'dispatcherServlet'
2020-02-17 00:18:02.937  INFO 14355 --- [nio-8080-exec-1] o.s.web.servlet.DispatcherServlet        : Initializing Servlet 'dispatcherServlet'
2020-02-17 00:18:02.939  INFO 14355 --- [nio-8080-exec-1] o.s.web.servlet.DispatcherServlet        : Completed initialization in 2 ms
2020-02-17 00:18:03.484  INFO 14355 --- [    Test worker] o.s.s.concurrent.ThreadPoolTaskExecutor  : Shutting down ExecutorService 'applicationTaskExecutor'
]]></system-out>
  <system-err><![CDATA[]]></system-err>
</testsuite>
